0 info it worked if it ends with ok
1 verbose cli [ '/usr/local/Cellar/node/6.3.1/bin/node',
1 verbose cli   '/usr/local/bin/npm',
1 verbose cli   'install' ]
2 info using npm@3.10.3
3 info using node@v6.3.1
4 silly loadCurrentTree Starting
5 silly install loadCurrentTree
6 silly install readLocalPackageData
7 silly install normalizeTree
8 silly loadCurrentTree Finishing
9 silly loadIdealTree Starting
10 silly install loadIdealTree
11 silly cloneCurrentTree Starting
12 silly install cloneCurrentTreeToIdealTree
13 silly cloneCurrentTree Finishing
14 silly loadShrinkwrap Starting
15 silly install loadShrinkwrap
16 silly loadShrinkwrap Finishing
17 silly loadAllDepsIntoIdealTree Starting
18 silly install loadAllDepsIntoIdealTree
19 silly loadAllDepsIntoIdealTree Finishing
20 silly loadIdealTree Finishing
21 silly currentTree commandline-dex@0.0.1
21 silly currentTree ├── abbrev@1.1.0
21 silly currentTree ├── accepts@1.3.3
21 silly currentTree ├── align-text@0.1.4
21 silly currentTree ├── ansi-regex@2.1.1
21 silly currentTree ├── ansi-styles@2.2.1
21 silly currentTree ├── argparse@1.0.9
21 silly currentTree ├── array-differ@1.0.0
21 silly currentTree ├── array-find-index@1.0.2
21 silly currentTree ├── array-flatten@1.1.1
21 silly currentTree ├── array-union@1.0.2
21 silly currentTree ├── array-uniq@1.0.3
21 silly currentTree ├── arrify@1.0.1
21 silly currentTree ├── async@1.5.2
21 silly currentTree ├── babel-code-frame@6.22.0
21 silly currentTree ├─┬ babel-core@6.24.1
21 silly currentTree │ └── lodash@4.17.4
21 silly currentTree ├─┬ babel-generator@6.24.1
21 silly currentTree │ ├── jsesc@1.3.0
21 silly currentTree │ └── lodash@4.17.4
21 silly currentTree ├── babel-helper-call-delegate@6.24.1
21 silly currentTree ├─┬ babel-helper-define-map@6.24.1
21 silly currentTree │ └── lodash@4.17.4
21 silly currentTree ├── babel-helper-function-name@6.24.1
21 silly currentTree ├── babel-helper-get-function-arity@6.24.1
21 silly currentTree ├── babel-helper-hoist-variables@6.24.1
21 silly currentTree ├── babel-helper-optimise-call-expression@6.24.1
21 silly currentTree ├─┬ babel-helper-regex@6.24.1
21 silly currentTree │ └── lodash@4.17.4
21 silly currentTree ├── babel-helper-replace-supers@6.24.1
21 silly currentTree ├── babel-helpers@6.24.1
21 silly currentTree ├── babel-messages@6.23.0
21 silly currentTree ├── babel-plugin-check-es2015-constants@6.22.0
21 silly currentTree ├── babel-plugin-transform-es2015-arrow-functions@6.22.0
21 silly currentTree ├── babel-plugin-transform-es2015-block-scoped-functions@6.22.0
21 silly currentTree ├─┬ babel-plugin-transform-es2015-block-scoping@6.24.1
21 silly currentTree │ └── lodash@4.17.4
21 silly currentTree ├── babel-plugin-transform-es2015-classes@6.24.1
21 silly currentTree ├── babel-plugin-transform-es2015-computed-properties@6.24.1
21 silly currentTree ├── babel-plugin-transform-es2015-destructuring@6.23.0
21 silly currentTree ├── babel-plugin-transform-es2015-duplicate-keys@6.24.1
21 silly currentTree ├── babel-plugin-transform-es2015-for-of@6.23.0
21 silly currentTree ├── babel-plugin-transform-es2015-function-name@6.24.1
21 silly currentTree ├── babel-plugin-transform-es2015-literals@6.22.0
21 silly currentTree ├── babel-plugin-transform-es2015-modules-amd@6.24.1
21 silly currentTree ├── babel-plugin-transform-es2015-modules-commonjs@6.24.1
21 silly currentTree ├── babel-plugin-transform-es2015-modules-systemjs@6.24.1
21 silly currentTree ├── babel-plugin-transform-es2015-modules-umd@6.24.1
21 silly currentTree ├── babel-plugin-transform-es2015-object-super@6.24.1
21 silly currentTree ├── babel-plugin-transform-es2015-parameters@6.24.1
21 silly currentTree ├── babel-plugin-transform-es2015-shorthand-properties@6.24.1
21 silly currentTree ├── babel-plugin-transform-es2015-spread@6.22.0
21 silly currentTree ├── babel-plugin-transform-es2015-sticky-regex@6.24.1
21 silly currentTree ├── babel-plugin-transform-es2015-template-literals@6.22.0
21 silly currentTree ├── babel-plugin-transform-es2015-typeof-symbol@6.23.0
21 silly currentTree ├── babel-plugin-transform-es2015-unicode-regex@6.24.1
21 silly currentTree ├── babel-plugin-transform-regenerator@6.24.1
21 silly currentTree ├── babel-plugin-transform-strict-mode@6.24.1
21 silly currentTree ├── babel-preset-es2015@6.24.1
21 silly currentTree ├─┬ babel-register@6.24.1
21 silly currentTree │ └── lodash@4.17.4
21 silly currentTree ├── babel-runtime@6.23.0
21 silly currentTree ├─┬ babel-template@6.24.1
21 silly currentTree │ └── lodash@4.17.4
21 silly currentTree ├─┬ babel-traverse@6.24.1
21 silly currentTree │ └── lodash@4.17.4
21 silly currentTree ├─┬ babel-types@6.24.1
21 silly currentTree │ └── lodash@4.17.4
21 silly currentTree ├── babylon@6.17.0
21 silly currentTree ├── balanced-match@0.4.2
21 silly currentTree ├── body-parser@1.17.1
21 silly currentTree ├── brace-expansion@1.1.7
21 silly currentTree ├── browserify-zlib@0.1.4
21 silly currentTree ├── buffer-shims@1.0.0
21 silly currentTree ├── builtin-modules@1.1.1
21 silly currentTree ├── bytes@2.4.0
21 silly currentTree ├── camelcase-keys@2.1.0
21 silly currentTree ├── camelcase@2.1.1
21 silly currentTree ├── center-align@0.1.3
21 silly currentTree ├── chalk@1.1.3
21 silly currentTree ├── cliui@2.1.0
21 silly currentTree ├── coffee-script@1.10.0
21 silly currentTree ├── colors@1.1.2
21 silly currentTree ├── concat-map@0.0.1
21 silly currentTree ├── concat-stream@1.6.0
21 silly currentTree ├── content-disposition@0.5.2
21 silly currentTree ├── content-type@1.0.2
21 silly currentTree ├── convert-source-map@1.5.0
21 silly currentTree ├── cookie-signature@1.0.6
21 silly currentTree ├── cookie@0.3.1
21 silly currentTree ├── core-js@2.4.1
21 silly currentTree ├── core-util-is@1.0.2
21 silly currentTree ├── currently-unhandled@0.4.1
21 silly currentTree ├── dateformat@1.0.12
21 silly currentTree ├── debug@2.6.1
21 silly currentTree ├── decamelize@1.2.0
21 silly currentTree ├── define-properties@1.1.2
21 silly currentTree ├── depd@1.1.0
21 silly currentTree ├── destroy@1.0.4
21 silly currentTree ├── detect-indent@4.0.0
21 silly currentTree ├── ee-first@1.1.1
21 silly currentTree ├── encodeurl@1.0.1
21 silly currentTree ├── error-ex@1.3.1
21 silly currentTree ├── escape-html@1.0.3
21 silly currentTree ├── escape-string-regexp@1.0.5
21 silly currentTree ├── esprima@2.7.3
21 silly currentTree ├── esutils@2.0.2
21 silly currentTree ├── etag@1.8.0
21 silly currentTree ├── eventemitter2@0.4.14
21 silly currentTree ├── exit@0.1.2
21 silly currentTree ├── express@4.15.2
21 silly currentTree ├── figures@1.7.0
21 silly currentTree ├─┬ finalhandler@1.0.2
21 silly currentTree │ ├── debug@2.6.4
21 silly currentTree │ └── ms@0.7.3
21 silly currentTree ├── find-up@1.1.2
21 silly currentTree ├─┬ findup-sync@0.3.0
21 silly currentTree │ └── glob@5.0.15
21 silly currentTree ├── foreach@2.0.5
21 silly currentTree ├── forwarded@0.1.0
21 silly currentTree ├── fresh@0.5.0
21 silly currentTree ├── fs.realpath@1.0.0
21 silly currentTree ├── function-bind@1.1.0
21 silly currentTree ├── get-stdin@4.0.1
21 silly currentTree ├── getobject@0.1.0
21 silly currentTree ├── glob@7.0.6
21 silly currentTree ├── globals@9.17.0
21 silly currentTree ├── graceful-fs@4.1.11
21 silly currentTree ├── grunt-babel@6.0.0
21 silly currentTree ├── grunt-cli@1.2.0
21 silly currentTree ├── grunt-contrib-uglify@2.3.0
21 silly currentTree ├── grunt-known-options@1.1.0
21 silly currentTree ├─┬ grunt-legacy-log-utils@1.0.0
21 silly currentTree │ └── lodash@4.3.0
21 silly currentTree ├── grunt-legacy-log@1.0.0
21 silly currentTree ├─┬ grunt-legacy-util@1.0.0
21 silly currentTree │ └── lodash@4.3.0
21 silly currentTree ├── grunt@1.0.1
21 silly currentTree ├── gzip-size@1.0.0
21 silly currentTree ├── has-ansi@2.0.0
21 silly currentTree ├── home-or-tmp@2.0.0
21 silly currentTree ├── hooker@0.2.3
21 silly currentTree ├── hosted-git-info@2.4.2
21 silly currentTree ├── http-errors@1.6.1
21 silly currentTree ├── iconv-lite@0.4.15
21 silly currentTree ├── indent-string@2.1.0
21 silly currentTree ├── inflight@1.0.6
21 silly currentTree ├── inherits@2.0.3
21 silly currentTree ├── invariant@2.2.2
21 silly currentTree ├── ipaddr.js@1.3.0
21 silly currentTree ├── is-arrayish@0.2.1
21 silly currentTree ├── is-buffer@1.1.5
21 silly currentTree ├── is-builtin-module@1.0.0
21 silly currentTree ├── is-finite@1.0.2
21 silly currentTree ├── is-utf8@0.2.1
21 silly currentTree ├── isarray@1.0.0
21 silly currentTree ├── isexe@2.0.0
21 silly currentTree ├── js-tokens@3.0.1
21 silly currentTree ├── js-yaml@3.5.5
21 silly currentTree ├── jsesc@0.5.0
21 silly currentTree ├── json5@0.5.1
21 silly currentTree ├── kind-of@3.2.0
21 silly currentTree ├── lazy-cache@1.0.4
21 silly currentTree ├── load-grunt-tasks@3.5.2
21 silly currentTree ├── load-json-file@1.1.0
21 silly currentTree ├── lodash@3.10.1
21 silly currentTree ├── longest@1.0.1
21 silly currentTree ├── loose-envify@1.3.1
21 silly currentTree ├── loud-rejection@1.6.0
21 silly currentTree ├── map-obj@1.0.1
21 silly currentTree ├── maxmin@1.1.0
21 silly currentTree ├── media-typer@0.3.0
21 silly currentTree ├── meow@3.7.0
21 silly currentTree ├── merge-descriptors@1.0.1
21 silly currentTree ├── methods@1.1.2
21 silly currentTree ├── mime-db@1.27.0
21 silly currentTree ├── mime-types@2.1.15
21 silly currentTree ├── mime@1.3.4
21 silly currentTree ├── minimatch@3.0.4
21 silly currentTree ├── minimist@1.2.0
21 silly currentTree ├─┬ mkdirp@0.5.1
21 silly currentTree │ └── minimist@0.0.8
21 silly currentTree ├── ms@0.7.2
21 silly currentTree ├── multimatch@2.1.0
21 silly currentTree ├── negotiator@0.6.1
21 silly currentTree ├── nopt@3.0.6
21 silly currentTree ├── normalize-package-data@2.3.8
21 silly currentTree ├── number-is-nan@1.0.1
21 silly currentTree ├── object-assign@4.1.1
21 silly currentTree ├── object-keys@1.0.11
21 silly currentTree ├── object.assign@4.0.4
21 silly currentTree ├── on-finished@2.3.0
21 silly currentTree ├── once@1.4.0
21 silly currentTree ├── os-homedir@1.0.2
21 silly currentTree ├── os-tmpdir@1.0.2
21 silly currentTree ├── pako@0.2.9
21 silly currentTree ├── parse-json@2.2.0
21 silly currentTree ├── parseurl@1.3.1
21 silly currentTree ├── path-exists@2.1.0
21 silly currentTree ├── path-is-absolute@1.0.1
21 silly currentTree ├── path-to-regexp@0.1.7
21 silly currentTree ├── path-type@1.1.0
21 silly currentTree ├── php-express@0.0.3
21 silly currentTree ├── pify@2.3.0
21 silly currentTree ├── pinkie-promise@2.0.1
21 silly currentTree ├── pinkie@2.0.4
21 silly currentTree ├── pkg-up@1.0.0
21 silly currentTree ├── pretty-bytes@1.0.4
21 silly currentTree ├── private@0.1.7
21 silly currentTree ├── process-nextick-args@1.0.7
21 silly currentTree ├── proxy-addr@1.1.4
21 silly currentTree ├── qs@6.4.0
21 silly currentTree ├── range-parser@1.2.0
21 silly currentTree ├── raw-body@2.2.0
21 silly currentTree ├── read-pkg-up@1.0.1
21 silly currentTree ├── read-pkg@1.1.0
21 silly currentTree ├── readable-stream@2.2.9
21 silly currentTree ├── redent@1.0.0
21 silly currentTree ├── regenerate@1.3.2
21 silly currentTree ├── regenerator-runtime@0.10.5
21 silly currentTree ├── regenerator-transform@0.9.11
21 silly currentTree ├── regexpu-core@2.0.0
21 silly currentTree ├── regjsgen@0.2.0
21 silly currentTree ├── regjsparser@0.1.5
21 silly currentTree ├── repeat-string@1.6.1
21 silly currentTree ├── repeating@2.0.1
21 silly currentTree ├── resolve-from@2.0.0
21 silly currentTree ├── resolve-pkg@0.1.0
21 silly currentTree ├── resolve@1.1.7
21 silly currentTree ├── right-align@0.1.3
21 silly currentTree ├── rimraf@2.2.8
21 silly currentTree ├── semver@5.3.0
21 silly currentTree ├── send@0.15.1
21 silly currentTree ├── serve-static@1.12.1
21 silly currentTree ├── setprototypeof@1.0.3
21 silly currentTree ├── signal-exit@3.0.2
21 silly currentTree ├── slash@1.0.0
21 silly currentTree ├── source-map-support@0.4.15
21 silly currentTree ├── source-map@0.5.6
21 silly currentTree ├── spdx-correct@1.0.2
21 silly currentTree ├── spdx-expression-parse@1.0.4
21 silly currentTree ├── spdx-license-ids@1.2.2
21 silly currentTree ├── sprintf-js@1.0.3
21 silly currentTree ├── statuses@1.3.1
21 silly currentTree ├── string_decoder@1.0.0
21 silly currentTree ├── strip-ansi@3.0.1
21 silly currentTree ├── strip-bom@2.0.0
21 silly currentTree ├── strip-indent@1.0.1
21 silly currentTree ├── supports-color@2.0.0
21 silly currentTree ├── to-fast-properties@1.0.3
21 silly currentTree ├── trim-newlines@1.0.0
21 silly currentTree ├── trim-right@1.0.1
21 silly currentTree ├── type-is@1.6.15
21 silly currentTree ├── typedarray@0.0.6
21 silly currentTree ├── uglify-js@2.8.23
21 silly currentTree ├── uglify-to-browserify@1.0.2
21 silly currentTree ├── underscore.string@3.2.3
21 silly currentTree ├── unpipe@1.0.0
21 silly currentTree ├── uri-path@1.0.0
21 silly currentTree ├── util-deprecate@1.0.2
21 silly currentTree ├── utils-merge@1.0.0
21 silly currentTree ├── validate-npm-package-license@3.0.1
21 silly currentTree ├── vary@1.1.1
21 silly currentTree ├── which@1.2.14
21 silly currentTree ├── window-size@0.1.0
21 silly currentTree ├── wordwrap@0.0.2
21 silly currentTree ├── wrappy@1.0.2
21 silly currentTree └─┬ yargs@3.10.0
21 silly currentTree   └── camelcase@1.2.1
22 silly idealTree commandline-dex@0.0.1
22 silly idealTree ├── abbrev@1.1.0
22 silly idealTree ├── accepts@1.3.3
22 silly idealTree ├── align-text@0.1.4
22 silly idealTree ├── ansi-regex@2.1.1
22 silly idealTree ├── ansi-styles@2.2.1
22 silly idealTree ├── argparse@1.0.9
22 silly idealTree ├── array-differ@1.0.0
22 silly idealTree ├── array-find-index@1.0.2
22 silly idealTree ├── array-flatten@1.1.1
22 silly idealTree ├── array-union@1.0.2
22 silly idealTree ├── array-uniq@1.0.3
22 silly idealTree ├── arrify@1.0.1
22 silly idealTree ├── async@1.5.2
22 silly idealTree ├── babel-code-frame@6.22.0
22 silly idealTree ├─┬ babel-core@6.24.1
22 silly idealTree │ └── lodash@4.17.4
22 silly idealTree ├─┬ babel-generator@6.24.1
22 silly idealTree │ ├── jsesc@1.3.0
22 silly idealTree │ └── lodash@4.17.4
22 silly idealTree ├── babel-helper-call-delegate@6.24.1
22 silly idealTree ├─┬ babel-helper-define-map@6.24.1
22 silly idealTree │ └── lodash@4.17.4
22 silly idealTree ├── babel-helper-function-name@6.24.1
22 silly idealTree ├── babel-helper-get-function-arity@6.24.1
22 silly idealTree ├── babel-helper-hoist-variables@6.24.1
22 silly idealTree ├── babel-helper-optimise-call-expression@6.24.1
22 silly idealTree ├─┬ babel-helper-regex@6.24.1
22 silly idealTree │ └── lodash@4.17.4
22 silly idealTree ├── babel-helper-replace-supers@6.24.1
22 silly idealTree ├── babel-helpers@6.24.1
22 silly idealTree ├── babel-messages@6.23.0
22 silly idealTree ├── babel-plugin-check-es2015-constants@6.22.0
22 silly idealTree ├── babel-plugin-transform-es2015-arrow-functions@6.22.0
22 silly idealTree ├── babel-plugin-transform-es2015-block-scoped-functions@6.22.0
22 silly idealTree ├─┬ babel-plugin-transform-es2015-block-scoping@6.24.1
22 silly idealTree │ └── lodash@4.17.4
22 silly idealTree ├── babel-plugin-transform-es2015-classes@6.24.1
22 silly idealTree ├── babel-plugin-transform-es2015-computed-properties@6.24.1
22 silly idealTree ├── babel-plugin-transform-es2015-destructuring@6.23.0
22 silly idealTree ├── babel-plugin-transform-es2015-duplicate-keys@6.24.1
22 silly idealTree ├── babel-plugin-transform-es2015-for-of@6.23.0
22 silly idealTree ├── babel-plugin-transform-es2015-function-name@6.24.1
22 silly idealTree ├── babel-plugin-transform-es2015-literals@6.22.0
22 silly idealTree ├── babel-plugin-transform-es2015-modules-amd@6.24.1
22 silly idealTree ├── babel-plugin-transform-es2015-modules-commonjs@6.24.1
22 silly idealTree ├── babel-plugin-transform-es2015-modules-systemjs@6.24.1
22 silly idealTree ├── babel-plugin-transform-es2015-modules-umd@6.24.1
22 silly idealTree ├── babel-plugin-transform-es2015-object-super@6.24.1
22 silly idealTree ├── babel-plugin-transform-es2015-parameters@6.24.1
22 silly idealTree ├── babel-plugin-transform-es2015-shorthand-properties@6.24.1
22 silly idealTree ├── babel-plugin-transform-es2015-spread@6.22.0
22 silly idealTree ├── babel-plugin-transform-es2015-sticky-regex@6.24.1
22 silly idealTree ├── babel-plugin-transform-es2015-template-literals@6.22.0
22 silly idealTree ├── babel-plugin-transform-es2015-typeof-symbol@6.23.0
22 silly idealTree ├── babel-plugin-transform-es2015-unicode-regex@6.24.1
22 silly idealTree ├── babel-plugin-transform-regenerator@6.24.1
22 silly idealTree ├── babel-plugin-transform-strict-mode@6.24.1
22 silly idealTree ├── babel-preset-es2015@6.24.1
22 silly idealTree ├─┬ babel-register@6.24.1
22 silly idealTree │ └── lodash@4.17.4
22 silly idealTree ├── babel-runtime@6.23.0
22 silly idealTree ├─┬ babel-template@6.24.1
22 silly idealTree │ └── lodash@4.17.4
22 silly idealTree ├─┬ babel-traverse@6.24.1
22 silly idealTree │ └── lodash@4.17.4
22 silly idealTree ├─┬ babel-types@6.24.1
22 silly idealTree │ └── lodash@4.17.4
22 silly idealTree ├── babylon@6.17.0
22 silly idealTree ├── balanced-match@0.4.2
22 silly idealTree ├── body-parser@1.17.1
22 silly idealTree ├── brace-expansion@1.1.7
22 silly idealTree ├── browserify-zlib@0.1.4
22 silly idealTree ├── buffer-shims@1.0.0
22 silly idealTree ├── builtin-modules@1.1.1
22 silly idealTree ├── bytes@2.4.0
22 silly idealTree ├── camelcase-keys@2.1.0
22 silly idealTree ├── camelcase@2.1.1
22 silly idealTree ├── center-align@0.1.3
22 silly idealTree ├── chalk@1.1.3
22 silly idealTree ├── cliui@2.1.0
22 silly idealTree ├── coffee-script@1.10.0
22 silly idealTree ├── colors@1.1.2
22 silly idealTree ├── concat-map@0.0.1
22 silly idealTree ├── concat-stream@1.6.0
22 silly idealTree ├── content-disposition@0.5.2
22 silly idealTree ├── content-type@1.0.2
22 silly idealTree ├── convert-source-map@1.5.0
22 silly idealTree ├── cookie-signature@1.0.6
22 silly idealTree ├── cookie@0.3.1
22 silly idealTree ├── core-js@2.4.1
22 silly idealTree ├── core-util-is@1.0.2
22 silly idealTree ├── currently-unhandled@0.4.1
22 silly idealTree ├── dateformat@1.0.12
22 silly idealTree ├── debug@2.6.1
22 silly idealTree ├── decamelize@1.2.0
22 silly idealTree ├── define-properties@1.1.2
22 silly idealTree ├── depd@1.1.0
22 silly idealTree ├── destroy@1.0.4
22 silly idealTree ├── detect-indent@4.0.0
22 silly idealTree ├── ee-first@1.1.1
22 silly idealTree ├── encodeurl@1.0.1
22 silly idealTree ├── error-ex@1.3.1
22 silly idealTree ├── escape-html@1.0.3
22 silly idealTree ├── escape-string-regexp@1.0.5
22 silly idealTree ├── esprima@2.7.3
22 silly idealTree ├── esutils@2.0.2
22 silly idealTree ├── etag@1.8.0
22 silly idealTree ├── eventemitter2@0.4.14
22 silly idealTree ├── exit@0.1.2
22 silly idealTree ├── express@4.15.2
22 silly idealTree ├── figures@1.7.0
22 silly idealTree ├─┬ finalhandler@1.0.2
22 silly idealTree │ ├── debug@2.6.4
22 silly idealTree │ └── ms@0.7.3
22 silly idealTree ├── find-up@1.1.2
22 silly idealTree ├─┬ findup-sync@0.3.0
22 silly idealTree │ └── glob@5.0.15
22 silly idealTree ├── foreach@2.0.5
22 silly idealTree ├── forwarded@0.1.0
22 silly idealTree ├── fresh@0.5.0
22 silly idealTree ├── fs.realpath@1.0.0
22 silly idealTree ├── function-bind@1.1.0
22 silly idealTree ├── get-stdin@4.0.1
22 silly idealTree ├── getobject@0.1.0
22 silly idealTree ├── glob@7.0.6
22 silly idealTree ├── globals@9.17.0
22 silly idealTree ├── graceful-fs@4.1.11
22 silly idealTree ├── grunt-babel@6.0.0
22 silly idealTree ├── grunt-cli@1.2.0
22 silly idealTree ├── grunt-contrib-uglify@2.3.0
22 silly idealTree ├── grunt-known-options@1.1.0
22 silly idealTree ├─┬ grunt-legacy-log-utils@1.0.0
22 silly idealTree │ └── lodash@4.3.0
22 silly idealTree ├── grunt-legacy-log@1.0.0
22 silly idealTree ├─┬ grunt-legacy-util@1.0.0
22 silly idealTree │ └── lodash@4.3.0
22 silly idealTree ├── grunt@1.0.1
22 silly idealTree ├── gzip-size@1.0.0
22 silly idealTree ├── has-ansi@2.0.0
22 silly idealTree ├── home-or-tmp@2.0.0
22 silly idealTree ├── hooker@0.2.3
22 silly idealTree ├── hosted-git-info@2.4.2
22 silly idealTree ├── http-errors@1.6.1
22 silly idealTree ├── iconv-lite@0.4.15
22 silly idealTree ├── indent-string@2.1.0
22 silly idealTree ├── inflight@1.0.6
22 silly idealTree ├── inherits@2.0.3
22 silly idealTree ├── invariant@2.2.2
22 silly idealTree ├── ipaddr.js@1.3.0
22 silly idealTree ├── is-arrayish@0.2.1
22 silly idealTree ├── is-buffer@1.1.5
22 silly idealTree ├── is-builtin-module@1.0.0
22 silly idealTree ├── is-finite@1.0.2
22 silly idealTree ├── is-utf8@0.2.1
22 silly idealTree ├── isarray@1.0.0
22 silly idealTree ├── isexe@2.0.0
22 silly idealTree ├── js-tokens@3.0.1
22 silly idealTree ├── js-yaml@3.5.5
22 silly idealTree ├── jsesc@0.5.0
22 silly idealTree ├── json5@0.5.1
22 silly idealTree ├── kind-of@3.2.0
22 silly idealTree ├── lazy-cache@1.0.4
22 silly idealTree ├── load-grunt-tasks@3.5.2
22 silly idealTree ├── load-json-file@1.1.0
22 silly idealTree ├── lodash@3.10.1
22 silly idealTree ├── longest@1.0.1
22 silly idealTree ├── loose-envify@1.3.1
22 silly idealTree ├── loud-rejection@1.6.0
22 silly idealTree ├── map-obj@1.0.1
22 silly idealTree ├── maxmin@1.1.0
22 silly idealTree ├── media-typer@0.3.0
22 silly idealTree ├── meow@3.7.0
22 silly idealTree ├── merge-descriptors@1.0.1
22 silly idealTree ├── methods@1.1.2
22 silly idealTree ├── mime-db@1.27.0
22 silly idealTree ├── mime-types@2.1.15
22 silly idealTree ├── mime@1.3.4
22 silly idealTree ├── minimatch@3.0.4
22 silly idealTree ├── minimist@1.2.0
22 silly idealTree ├─┬ mkdirp@0.5.1
22 silly idealTree │ └── minimist@0.0.8
22 silly idealTree ├── ms@0.7.2
22 silly idealTree ├── multimatch@2.1.0
22 silly idealTree ├── negotiator@0.6.1
22 silly idealTree ├── nopt@3.0.6
22 silly idealTree ├── normalize-package-data@2.3.8
22 silly idealTree ├── number-is-nan@1.0.1
22 silly idealTree ├── object-assign@4.1.1
22 silly idealTree ├── object-keys@1.0.11
22 silly idealTree ├── object.assign@4.0.4
22 silly idealTree ├── on-finished@2.3.0
22 silly idealTree ├── once@1.4.0
22 silly idealTree ├── os-homedir@1.0.2
22 silly idealTree ├── os-tmpdir@1.0.2
22 silly idealTree ├── pako@0.2.9
22 silly idealTree ├── parse-json@2.2.0
22 silly idealTree ├── parseurl@1.3.1
22 silly idealTree ├── path-exists@2.1.0
22 silly idealTree ├── path-is-absolute@1.0.1
22 silly idealTree ├── path-to-regexp@0.1.7
22 silly idealTree ├── path-type@1.1.0
22 silly idealTree ├── php-express@0.0.3
22 silly idealTree ├── pify@2.3.0
22 silly idealTree ├── pinkie-promise@2.0.1
22 silly idealTree ├── pinkie@2.0.4
22 silly idealTree ├── pkg-up@1.0.0
22 silly idealTree ├── pretty-bytes@1.0.4
22 silly idealTree ├── private@0.1.7
22 silly idealTree ├── process-nextick-args@1.0.7
22 silly idealTree ├── proxy-addr@1.1.4
22 silly idealTree ├── qs@6.4.0
22 silly idealTree ├── range-parser@1.2.0
22 silly idealTree ├── raw-body@2.2.0
22 silly idealTree ├── read-pkg-up@1.0.1
22 silly idealTree ├── read-pkg@1.1.0
22 silly idealTree ├── readable-stream@2.2.9
22 silly idealTree ├── redent@1.0.0
22 silly idealTree ├── regenerate@1.3.2
22 silly idealTree ├── regenerator-runtime@0.10.5
22 silly idealTree ├── regenerator-transform@0.9.11
22 silly idealTree ├── regexpu-core@2.0.0
22 silly idealTree ├── regjsgen@0.2.0
22 silly idealTree ├── regjsparser@0.1.5
22 silly idealTree ├── repeat-string@1.6.1
22 silly idealTree ├── repeating@2.0.1
22 silly idealTree ├── resolve-from@2.0.0
22 silly idealTree ├── resolve-pkg@0.1.0
22 silly idealTree ├── resolve@1.1.7
22 silly idealTree ├── right-align@0.1.3
22 silly idealTree ├── rimraf@2.2.8
22 silly idealTree ├── semver@5.3.0
22 silly idealTree ├── send@0.15.1
22 silly idealTree ├── serve-static@1.12.1
22 silly idealTree ├── setprototypeof@1.0.3
22 silly idealTree ├── signal-exit@3.0.2
22 silly idealTree ├── slash@1.0.0
22 silly idealTree ├── source-map-support@0.4.15
22 silly idealTree ├── source-map@0.5.6
22 silly idealTree ├── spdx-correct@1.0.2
22 silly idealTree ├── spdx-expression-parse@1.0.4
22 silly idealTree ├── spdx-license-ids@1.2.2
22 silly idealTree ├── sprintf-js@1.0.3
22 silly idealTree ├── statuses@1.3.1
22 silly idealTree ├── string_decoder@1.0.0
22 silly idealTree ├── strip-ansi@3.0.1
22 silly idealTree ├── strip-bom@2.0.0
22 silly idealTree ├── strip-indent@1.0.1
22 silly idealTree ├── supports-color@2.0.0
22 silly idealTree ├── to-fast-properties@1.0.3
22 silly idealTree ├── trim-newlines@1.0.0
22 silly idealTree ├── trim-right@1.0.1
22 silly idealTree ├── type-is@1.6.15
22 silly idealTree ├── typedarray@0.0.6
22 silly idealTree ├── uglify-js@2.8.23
22 silly idealTree ├── uglify-to-browserify@1.0.2
22 silly idealTree ├── underscore.string@3.2.3
22 silly idealTree ├── unpipe@1.0.0
22 silly idealTree ├── uri-path@1.0.0
22 silly idealTree ├── util-deprecate@1.0.2
22 silly idealTree ├── utils-merge@1.0.0
22 silly idealTree ├── validate-npm-package-license@3.0.1
22 silly idealTree ├── vary@1.1.1
22 silly idealTree ├── which@1.2.14
22 silly idealTree ├── window-size@0.1.0
22 silly idealTree ├── wordwrap@0.0.2
22 silly idealTree ├── wrappy@1.0.2
22 silly idealTree └─┬ yargs@3.10.0
22 silly idealTree   └── camelcase@1.2.1
23 silly generateActionsToTake Starting
24 silly install generateActionsToTake
25 silly generateActionsToTake Finishing
26 silly diffTrees action count 0
27 silly decomposeActions action count 0
28 silly executeActions Starting
29 silly install executeActions
30 silly doSerial global-install 0
31 silly doParallel fetch 0
32 verbose correctMkdir /Users/jeremy/.npm/_locks correctMkdir not in flight; initializing
33 verbose lock using /Users/jeremy/.npm/_locks/staging-b18a60fb57c6a8b2.lock for /Users/jeremy/project_dex/node_modules/.staging
34 silly doParallel extract 0
35 silly doParallel preinstall 0
36 silly doReverseSerial remove 0
37 silly doSerial move 0
38 silly doSerial finalize 0
39 silly doSerial build 0
40 silly doSerial global-link 0
41 silly doParallel update-linked 0
42 silly doSerial install 0
43 silly doSerial postinstall 0
44 verbose unlock done using /Users/jeremy/.npm/_locks/staging-b18a60fb57c6a8b2.lock for /Users/jeremy/project_dex/node_modules/.staging
45 silly executeActions Finishing
46 silly rollbackFailedOptional Starting
47 silly rollbackFailedOptional Finishing
48 silly runTopLevelLifecycles Starting
49 silly install runTopLevelLifecycles
50 silly preinstall commandline-dex@0.0.1 /Users/jeremy/project_dex/commandline-dex-4fd0cc23
51 info lifecycle commandline-dex@0.0.1~preinstall: commandline-dex@0.0.1
52 silly lifecycle commandline-dex@0.0.1~preinstall: no script for preinstall, continuing
53 silly build commandline-dex@0.0.1
54 info linkStuff commandline-dex@0.0.1
55 silly linkStuff commandline-dex@0.0.1 has /Users/jeremy as its parent node_modules
56 verbose linkBins commandline-dex@0.0.1
57 verbose linkMans commandline-dex@0.0.1
58 silly install commandline-dex@0.0.1 /Users/jeremy/project_dex/commandline-dex-4fd0cc23
59 info lifecycle commandline-dex@0.0.1~install: commandline-dex@0.0.1
60 silly lifecycle commandline-dex@0.0.1~install: no script for install, continuing
61 silly postinstall commandline-dex@0.0.1 /Users/jeremy/project_dex/commandline-dex-4fd0cc23
62 info lifecycle commandline-dex@0.0.1~postinstall: commandline-dex@0.0.1
63 verbose lifecycle commandline-dex@0.0.1~postinstall: unsafe-perm in lifecycle true
64 verbose lifecycle commandline-dex@0.0.1~postinstall: PATH: /usr/local/lib/node_modules/npm/bin/node-gyp-bin:/Users/jeremy/project_dex/node_modules/.bin:/usr/local/Cellar/node/6.3.1/bin:/Library/Frameworks/Python.framework/Versions/3.5/bin:/usr/local/bin:/usr/bin:/bin:/usr/sbin:/sbin:/opt/X11/bin:/opt/Ghostscript/bin:/Applications/MAMP/Library/bin:/usr/local/mysql/bin
65 verbose lifecycle commandline-dex@0.0.1~postinstall: CWD: /Users/jeremy/project_dex
66 silly lifecycle commandline-dex@0.0.1~postinstall: Args: [ '-c', 'grunt' ]
67 silly lifecycle commandline-dex@0.0.1~postinstall: Returned: code: 3  signal: null
68 info lifecycle commandline-dex@0.0.1~postinstall: Failed to exec postinstall script
69 verbose stack Error: commandline-dex@0.0.1 postinstall: `grunt`
69 verbose stack Exit status 3
69 verbose stack     at EventEmitter.<anonymous> (/usr/local/lib/node_modules/npm/lib/utils/lifecycle.js:242:16)
69 verbose stack     at emitTwo (events.js:106:13)
69 verbose stack     at EventEmitter.emit (events.js:191:7)
69 verbose stack     at ChildProcess.<anonymous> (/usr/local/lib/node_modules/npm/lib/utils/spawn.js:40:14)
69 verbose stack     at emitTwo (events.js:106:13)
69 verbose stack     at ChildProcess.emit (events.js:191:7)
69 verbose stack     at maybeClose (internal/child_process.js:852:16)
69 verbose stack     at Process.ChildProcess._handle.onexit (internal/child_process.js:215:5)
70 verbose pkgid commandline-dex@0.0.1
71 verbose cwd /Users/jeremy/project_dex
72 error Darwin 16.4.0
73 error argv "/usr/local/Cellar/node/6.3.1/bin/node" "/usr/local/bin/npm" "install"
74 error node v6.3.1
75 error npm  v3.10.3
76 error code ELIFECYCLE
77 error commandline-dex@0.0.1 postinstall: `grunt`
77 error Exit status 3
78 error Failed at the commandline-dex@0.0.1 postinstall script 'grunt'.
78 error Make sure you have the latest version of node.js and npm installed.
78 error If you do, this is most likely a problem with the commandline-dex package,
78 error not with npm itself.
78 error Tell the author that this fails on your system:
78 error     grunt
78 error You can get information on how to open an issue for this project with:
78 error     npm bugs commandline-dex
78 error Or if that isn't available, you can get their info via:
78 error     npm owner ls commandline-dex
78 error There is likely additional logging output above.
79 verbose exit [ 1, true ]
